<?xml version="1.0" encoding="UTF-8"?>
<coverage generated="1637201076631" clover="3.2.0">
  <project timestamp="1637201076631" name="All files">
    <metrics statements="466" coveredstatements="458" conditionals="80" coveredconditionals="75" methods="32" coveredmethods="31" elements="578" coveredelements="564" complexity="0" loc="466" ncloc="466" packages="12" files="18" classes="18"/>
    <package name="config">
      <metrics statements="6" coveredstatements="6" conditionals="0" coveredconditionals="0" methods="0" coveredmethods="0"/>
      <file name="auth.ts" path="C:\Dev\Rocketseat\Ignite\Node\Chapter 4\desafio01-testesunitarios-nodejs\src\config\auth.ts">
        <metrics statements="6" coveredstatements="6" conditionals="0" coveredconditionals="0" methods="0" coveredmethods="0"/>
        <line num="1" count="1" type="stmt"/>
        <line num="2" count="1" type="stmt"/>
        <line num="3" count="1" type="stmt"/>
        <line num="4" count="1" type="stmt"/>
        <line num="5" count="1" type="stmt"/>
        <line num="6" count="1" type="stmt"/>
      </file>
    </package>
    <package name="modules.statements.entities">
      <metrics statements="50" coveredstatements="50" conditionals="3" coveredconditionals="3" methods="2" coveredmethods="1"/>
      <file name="Statement.ts" path="C:\Dev\Rocketseat\Ignite\Node\Chapter 4\desafio01-testesunitarios-nodejs\src\modules\statements\entities\Statement.ts">
        <metrics statements="50" coveredstatements="50" conditionals="3" coveredconditionals="3" methods="2" coveredmethods="1"/>
        <line num="1" count="1" type="stmt"/>
        <line num="2" count="1" type="stmt"/>
        <line num="3" count="1" type="stmt"/>
        <line num="4" count="1" type="stmt"/>
        <line num="5" count="1" type="stmt"/>
        <line num="6" count="1" type="stmt"/>
        <line num="7" count="1" type="stmt"/>
        <line num="8" count="1" type="stmt"/>
        <line num="9" count="1" type="stmt"/>
        <line num="10" count="1" type="stmt"/>
        <line num="11" count="1" type="stmt"/>
        <line num="12" count="1" type="stmt"/>
        <line num="13" count="3" type="cond" truecount="1" falsecount="0"/>
        <line num="14" count="3" type="stmt"/>
        <line num="15" count="3" type="stmt"/>
        <line num="16" count="3" type="stmt"/>
        <line num="17" count="1" type="stmt"/>
        <line num="18" count="1" type="stmt"/>
        <line num="19" count="3" type="cond" truecount="1" falsecount="0"/>
        <line num="20" count="3" type="stmt"/>
        <line num="21" count="3" type="stmt"/>
        <line num="22" count="3" type="stmt"/>
        <line num="23" count="3" type="stmt"/>
        <line num="24" count="3" type="stmt"/>
        <line num="25" count="3" type="stmt"/>
        <line num="26" count="3" type="stmt"/>
        <line num="27" count="3" type="stmt"/>
        <line num="28" count="3" type="stmt"/>
        <line num="29" count="3" type="stmt"/>
        <line num="30" count="3" type="stmt"/>
        <line num="31" count="3" type="stmt"/>
        <line num="32" count="3" type="stmt"/>
        <line num="33" count="3" type="stmt"/>
        <line num="34" count="3" type="stmt"/>
        <line num="35" count="3" type="stmt"/>
        <line num="36" count="3" type="stmt"/>
        <line num="37" count="3" type="stmt"/>
        <line num="38" count="3" type="stmt"/>
        <line num="39" count="3" type="stmt"/>
        <line num="40" count="3" type="stmt"/>
        <line num="41" count="3" type="stmt"/>
        <line num="42" count="3" type="stmt"/>
        <line num="43" count="3" type="stmt"/>
        <line num="44" count="3" type="stmt"/>
        <line num="45" count="3" type="cond" truecount="1" falsecount="0"/>
        <line num="46" count="3" type="stmt"/>
        <line num="47" count="3" type="stmt"/>
        <line num="48" count="3" type="stmt"/>
        <line num="49" count="3" type="stmt"/>
        <line num="50" count="3" type="stmt"/>
      </file>
    </package>
    <package name="modules.statements.repositories.in-memory">
      <metrics statements="51" coveredstatements="49" conditionals="11" coveredconditionals="10" methods="4" coveredmethods="4"/>
      <file name="InMemoryStatementsRepository.ts" path="C:\Dev\Rocketseat\Ignite\Node\Chapter 4\desafio01-testesunitarios-nodejs\src\modules\statements\repositories\in-memory\InMemoryStatementsRepository.ts">
        <metrics statements="51" coveredstatements="49" conditionals="11" coveredconditionals="10" methods="4" coveredmethods="4"/>
        <line num="1" count="1" type="stmt"/>
        <line num="2" count="1" type="stmt"/>
        <line num="3" count="1" type="stmt"/>
        <line num="4" count="1" type="stmt"/>
        <line num="5" count="1" type="stmt"/>
        <line num="6" count="1" type="stmt"/>
        <line num="7" count="8" type="cond" truecount="2" falsecount="0"/>
        <line num="8" count="8" type="stmt"/>
        <line num="9" count="8" type="stmt"/>
        <line num="10" count="8" type="cond" truecount="1" falsecount="0"/>
        <line num="11" count="3" type="stmt"/>
        <line num="12" count="3" type="stmt"/>
        <line num="13" count="3" type="stmt"/>
        <line num="14" count="3" type="stmt"/>
        <line num="15" count="3" type="stmt"/>
        <line num="16" count="3" type="stmt"/>
        <line num="17" count="3" type="stmt"/>
        <line num="18" count="3" type="stmt"/>
        <line num="19" count="8" type="stmt"/>
        <line num="20" count="8" type="cond" truecount="1" falsecount="0"/>
        <line num="21" count="2" type="cond" truecount="1" falsecount="0"/>
        <line num="22" count="2" type="stmt"/>
        <line num="23" count="2" type="stmt"/>
        <line num="24" count="2" type="stmt"/>
        <line num="25" count="2" type="stmt"/>
        <line num="26" count="8" type="stmt"/>
        <line num="27" count="8" type="cond" truecount="3" falsecount="0"/>
        <line num="28" count="2" type="stmt"/>
        <line num="29" count="2" type="stmt"/>
        <line num="30" count="2" type="stmt"/>
        <line num="31" count="2" type="stmt"/>
        <line num="32" count="2" type="cond" truecount="1" falsecount="0"/>
        <line num="33" count="2" type="stmt"/>
        <line num="34" count="2" type="cond" truecount="1" falsecount="0"/>
        <line num="35" count="1" type="stmt"/>
        <line num="36" count="1" type="stmt"/>
        <line num="37" count="1" type="cond" truecount="0" falsecount="1"/>
        <line num="38" count="0" type="stmt"/>
        <line num="39" count="0" type="stmt"/>
        <line num="40" count="2" type="stmt"/>
        <line num="41" count="2" type="stmt"/>
        <line num="42" count="2" type="stmt"/>
        <line num="43" count="2" type="stmt"/>
        <line num="44" count="2" type="stmt"/>
        <line num="45" count="2" type="stmt"/>
        <line num="46" count="2" type="stmt"/>
        <line num="47" count="2" type="stmt"/>
        <line num="48" count="2" type="stmt"/>
        <line num="49" count="2" type="stmt"/>
        <line num="50" count="2" type="stmt"/>
        <line num="51" count="8" type="stmt"/>
      </file>
    </package>
    <package name="modules.statements.useCases.createStatement">
      <metrics statements="57" coveredstatements="57" conditionals="14" coveredconditionals="14" methods="4" coveredmethods="4"/>
      <file name="CreateStatementError.ts" path="C:\Dev\Rocketseat\Ignite\Node\Chapter 4\desafio01-testesunitarios-nodejs\src\modules\statements\useCases\createStatement\CreateStatementError.ts">
        <metrics statements="15" coveredstatements="15" conditionals="5" coveredconditionals="5" methods="2" coveredmethods="2"/>
        <line num="1" count="1" type="stmt"/>
        <line num="2" count="1" type="stmt"/>
        <line num="3" count="1" type="cond" truecount="1" falsecount="0"/>
        <line num="4" count="1" type="cond" truecount="1" falsecount="0"/>
        <line num="5" count="1" type="cond" truecount="1" falsecount="0"/>
        <line num="6" count="1" type="stmt"/>
        <line num="7" count="1" type="stmt"/>
        <line num="8" count="1" type="stmt"/>
        <line num="9" count="1" type="stmt"/>
        <line num="10" count="1" type="cond" truecount="1" falsecount="0"/>
        <line num="11" count="1" type="cond" truecount="1" falsecount="0"/>
        <line num="12" count="2" type="stmt"/>
        <line num="13" count="2" type="stmt"/>
        <line num="14" count="1" type="stmt"/>
        <line num="15" count="1" type="stmt"/>
      </file>
      <file name="CreateStatementUseCase.ts" path="C:\Dev\Rocketseat\Ignite\Node\Chapter 4\desafio01-testesunitarios-nodejs\src\modules\statements\useCases\createStatement\CreateStatementUseCase.ts">
        <metrics statements="42" coveredstatements="42" conditionals="9" coveredconditionals="9" methods="2" coveredmethods="2"/>
        <line num="1" count="1" type="stmt"/>
        <line num="2" count="1" type="stmt"/>
        <line num="3" count="1" type="stmt"/>
        <line num="4" count="1" type="stmt"/>
        <line num="5" count="1" type="stmt"/>
        <line num="6" count="1" type="stmt"/>
        <line num="7" count="1" type="stmt"/>
        <line num="8" count="1" type="stmt"/>
        <line num="9" count="1" type="cond" truecount="1" falsecount="0"/>
        <line num="10" count="1" type="cond" truecount="1" falsecount="0"/>
        <line num="11" count="3" type="stmt"/>
        <line num="12" count="3" type="stmt"/>
        <line num="13" count="3" type="stmt"/>
        <line num="14" count="3" type="stmt"/>
        <line num="15" count="3" type="stmt"/>
        <line num="16" count="3" type="stmt"/>
        <line num="17" count="1" type="stmt"/>
        <line num="18" count="1" type="cond" truecount="1" falsecount="0"/>
        <line num="19" count="4" type="cond" truecount="1" falsecount="0"/>
        <line num="20" count="4" type="stmt"/>
        <line num="21" count="4" type="cond" truecount="1" falsecount="0"/>
        <line num="22" count="1" type="stmt"/>
        <line num="23" count="1" type="stmt"/>
        <line num="24" count="3" type="cond" truecount="1" falsecount="0"/>
        <line num="25" count="3" type="cond" truecount="2" falsecount="0"/>
        <line num="26" count="1" type="stmt"/>
        <line num="27" count="4" type="stmt"/>
        <line num="28" count="4" type="stmt"/>
        <line num="29" count="4" type="stmt"/>
        <line num="30" count="4" type="stmt"/>
        <line num="31" count="4" type="stmt"/>
        <line num="32" count="4" type="stmt"/>
        <line num="33" count="4" type="cond" truecount="1" falsecount="0"/>
        <line num="34" count="2" type="stmt"/>
        <line num="35" count="2" type="stmt"/>
        <line num="36" count="2" type="stmt"/>
        <line num="37" count="2" type="stmt"/>
        <line num="38" count="2" type="stmt"/>
        <line num="39" count="4" type="stmt"/>
        <line num="40" count="4" type="stmt"/>
        <line num="41" count="4" type="stmt"/>
        <line num="42" count="1" type="stmt"/>
      </file>
    </package>
    <package name="modules.statements.useCases.getBalance">
      <metrics statements="48" coveredstatements="48" conditionals="7" coveredconditionals="7" methods="3" coveredmethods="3"/>
      <file name="GetBalanceError.ts" path="C:\Dev\Rocketseat\Ignite\Node\Chapter 4\desafio01-testesunitarios-nodejs\src\modules\statements\useCases\getBalance\GetBalanceError.ts">
        <metrics statements="7" coveredstatements="7" conditionals="2" coveredconditionals="2" methods="1" coveredmethods="1"/>
        <line num="1" count="1" type="stmt"/>
        <line num="2" count="1" type="stmt"/>
        <line num="3" count="1" type="cond" truecount="1" falsecount="0"/>
        <line num="4" count="1" type="cond" truecount="1" falsecount="0"/>
        <line num="5" count="2" type="stmt"/>
        <line num="6" count="2" type="stmt"/>
        <line num="7" count="1" type="stmt"/>
      </file>
      <file name="GetBalanceUseCase.ts" path="C:\Dev\Rocketseat\Ignite\Node\Chapter 4\desafio01-testesunitarios-nodejs\src\modules\statements\useCases\getBalance\GetBalanceUseCase.ts">
        <metrics statements="41" coveredstatements="41" conditionals="5" coveredconditionals="5" methods="2" coveredmethods="2"/>
        <line num="1" count="1" type="stmt"/>
        <line num="2" count="1" type="stmt"/>
        <line num="3" count="1" type="stmt"/>
        <line num="4" count="1" type="stmt"/>
        <line num="5" count="1" type="stmt"/>
        <line num="6" count="1" type="stmt"/>
        <line num="7" count="1" type="stmt"/>
        <line num="8" count="1" type="stmt"/>
        <line num="9" count="1" type="stmt"/>
        <line num="10" count="1" type="stmt"/>
        <line num="11" count="1" type="stmt"/>
        <line num="12" count="1" type="stmt"/>
        <line num="13" count="1" type="stmt"/>
        <line num="14" count="1" type="stmt"/>
        <line num="15" count="1" type="stmt"/>
        <line num="16" count="1" type="stmt"/>
        <line num="17" count="1" type="stmt"/>
        <line num="18" count="1" type="cond" truecount="1" falsecount="0"/>
        <line num="19" count="1" type="cond" truecount="1" falsecount="0"/>
        <line num="20" count="2" type="stmt"/>
        <line num="21" count="2" type="stmt"/>
        <line num="22" count="2" type="stmt"/>
        <line num="23" count="2" type="stmt"/>
        <line num="24" count="2" type="stmt"/>
        <line num="25" count="2" type="stmt"/>
        <line num="26" count="1" type="stmt"/>
        <line num="27" count="1" type="cond" truecount="1" falsecount="0"/>
        <line num="28" count="2" type="cond" truecount="1" falsecount="0"/>
        <line num="29" count="2" type="stmt"/>
        <line num="30" count="2" type="cond" truecount="1" falsecount="0"/>
        <line num="31" count="1" type="stmt"/>
        <line num="32" count="1" type="stmt"/>
        <line num="33" count="1" type="stmt"/>
        <line num="34" count="1" type="stmt"/>
        <line num="35" count="1" type="stmt"/>
        <line num="36" count="1" type="stmt"/>
        <line num="37" count="1" type="stmt"/>
        <line num="38" count="2" type="stmt"/>
        <line num="39" count="2" type="stmt"/>
        <line num="40" count="2" type="stmt"/>
        <line num="41" count="1" type="stmt"/>
      </file>
    </package>
    <package name="modules.statements.useCases.getStatementOperation">
      <metrics statements="53" coveredstatements="51" conditionals="11" coveredconditionals="10" methods="4" coveredmethods="4"/>
      <file name="GetStatementOperationError.ts" path="C:\Dev\Rocketseat\Ignite\Node\Chapter 4\desafio01-testesunitarios-nodejs\src\modules\statements\useCases\getStatementOperation\GetStatementOperationError.ts">
        <metrics statements="15" coveredstatements="15" conditionals="5" coveredconditionals="5" methods="2" coveredmethods="2"/>
        <line num="1" count="1" type="stmt"/>
        <line num="2" count="1" type="stmt"/>
        <line num="3" count="1" type="cond" truecount="1" falsecount="0"/>
        <line num="4" count="1" type="cond" truecount="1" falsecount="0"/>
        <line num="5" count="1" type="cond" truecount="1" falsecount="0"/>
        <line num="6" count="2" type="stmt"/>
        <line num="7" count="2" type="stmt"/>
        <line num="8" count="1" type="stmt"/>
        <line num="9" count="1" type="stmt"/>
        <line num="10" count="1" type="cond" truecount="1" falsecount="0"/>
        <line num="11" count="1" type="cond" truecount="1" falsecount="0"/>
        <line num="12" count="1" type="stmt"/>
        <line num="13" count="1" type="stmt"/>
        <line num="14" count="1" type="stmt"/>
        <line num="15" count="1" type="stmt"/>
      </file>
      <file name="GetStatementOperationUseCase.ts" path="C:\Dev\Rocketseat\Ignite\Node\Chapter 4\desafio01-testesunitarios-nodejs\src\modules\statements\useCases\getStatementOperation\GetStatementOperationUseCase.ts">
        <metrics statements="38" coveredstatements="36" conditionals="6" coveredconditionals="5" methods="2" coveredmethods="2"/>
        <line num="1" count="1" type="stmt"/>
        <line num="2" count="1" type="stmt"/>
        <line num="3" count="1" type="stmt"/>
        <line num="4" count="1" type="stmt"/>
        <line num="5" count="1" type="stmt"/>
        <line num="6" count="1" type="stmt"/>
        <line num="7" count="1" type="stmt"/>
        <line num="8" count="1" type="stmt"/>
        <line num="9" count="1" type="stmt"/>
        <line num="10" count="1" type="stmt"/>
        <line num="11" count="1" type="stmt"/>
        <line num="12" count="1" type="stmt"/>
        <line num="13" count="1" type="cond" truecount="1" falsecount="0"/>
        <line num="14" count="1" type="cond" truecount="1" falsecount="0"/>
        <line num="15" count="3" type="stmt"/>
        <line num="16" count="3" type="stmt"/>
        <line num="17" count="3" type="stmt"/>
        <line num="18" count="3" type="stmt"/>
        <line num="19" count="3" type="stmt"/>
        <line num="20" count="3" type="stmt"/>
        <line num="21" count="1" type="stmt"/>
        <line num="22" count="1" type="cond" truecount="1" falsecount="0"/>
        <line num="23" count="2" type="cond" truecount="1" falsecount="0"/>
        <line num="24" count="2" type="stmt"/>
        <line num="25" count="2" type="cond" truecount="1" falsecount="0"/>
        <line num="26" count="1" type="stmt"/>
        <line num="27" count="1" type="stmt"/>
        <line num="28" count="1" type="stmt"/>
        <line num="29" count="1" type="stmt"/>
        <line num="30" count="1" type="stmt"/>
        <line num="31" count="2" type="stmt"/>
        <line num="32" count="2" type="cond" truecount="0" falsecount="1"/>
        <line num="33" count="0" type="stmt"/>
        <line num="34" count="0" type="stmt"/>
        <line num="35" count="2" type="stmt"/>
        <line num="36" count="2" type="stmt"/>
        <line num="37" count="2" type="stmt"/>
        <line num="38" count="1" type="stmt"/>
      </file>
    </package>
    <package name="modules.users.entities">
      <metrics statements="40" coveredstatements="40" conditionals="2" coveredconditionals="2" methods="1" coveredmethods="1"/>
      <file name="User.ts" path="C:\Dev\Rocketseat\Ignite\Node\Chapter 4\desafio01-testesunitarios-nodejs\src\modules\users\entities\User.ts">
        <metrics statements="40" coveredstatements="40" conditionals="2" coveredconditionals="2" methods="1" coveredmethods="1"/>
        <line num="1" count="1" type="stmt"/>
        <line num="2" count="1" type="stmt"/>
        <line num="3" count="1" type="stmt"/>
        <line num="4" count="1" type="stmt"/>
        <line num="5" count="1" type="stmt"/>
        <line num="6" count="1" type="stmt"/>
        <line num="7" count="1" type="stmt"/>
        <line num="8" count="1" type="stmt"/>
        <line num="9" count="1" type="stmt"/>
        <line num="10" count="1" type="stmt"/>
        <line num="11" count="1" type="stmt"/>
        <line num="12" count="1" type="stmt"/>
        <line num="13" count="3" type="cond" truecount="1" falsecount="0"/>
        <line num="14" count="3" type="stmt"/>
        <line num="15" count="3" type="stmt"/>
        <line num="16" count="3" type="stmt"/>
        <line num="17" count="3" type="stmt"/>
        <line num="18" count="3" type="stmt"/>
        <line num="19" count="3" type="stmt"/>
        <line num="20" count="3" type="stmt"/>
        <line num="21" count="3" type="stmt"/>
        <line num="22" count="3" type="stmt"/>
        <line num="23" count="3" type="stmt"/>
        <line num="24" count="3" type="stmt"/>
        <line num="25" count="3" type="stmt"/>
        <line num="26" count="3" type="stmt"/>
        <line num="27" count="3" type="stmt"/>
        <line num="28" count="3" type="stmt"/>
        <line num="29" count="3" type="stmt"/>
        <line num="30" count="3" type="stmt"/>
        <line num="31" count="3" type="stmt"/>
        <line num="32" count="3" type="stmt"/>
        <line num="33" count="3" type="stmt"/>
        <line num="34" count="3" type="stmt"/>
        <line num="35" count="3" type="cond" truecount="1" falsecount="0"/>
        <line num="36" count="4" type="stmt"/>
        <line num="37" count="4" type="stmt"/>
        <line num="38" count="4" type="stmt"/>
        <line num="39" count="4" type="stmt"/>
        <line num="40" count="3" type="stmt"/>
      </file>
    </package>
    <package name="modules.users.repositories.in-memory">
      <metrics statements="23" coveredstatements="23" conditionals="7" coveredconditionals="7" methods="4" coveredmethods="4"/>
      <file name="InMemoryUsersRepository.ts" path="C:\Dev\Rocketseat\Ignite\Node\Chapter 4\desafio01-testesunitarios-nodejs\src\modules\users\repositories\in-memory\InMemoryUsersRepository.ts">
        <metrics statements="23" coveredstatements="23" conditionals="7" coveredconditionals="7" methods="4" coveredmethods="4"/>
        <line num="1" count="1" type="stmt"/>
        <line num="2" count="1" type="stmt"/>
        <line num="3" count="1" type="stmt"/>
        <line num="4" count="1" type="stmt"/>
        <line num="5" count="1" type="stmt"/>
        <line num="6" count="8" type="cond" truecount="2" falsecount="0"/>
        <line num="7" count="8" type="stmt"/>
        <line num="8" count="8" type="stmt"/>
        <line num="9" count="8" type="cond" truecount="1" falsecount="0"/>
        <line num="10" count="7" type="cond" truecount="1" falsecount="0"/>
        <line num="11" count="7" type="stmt"/>
        <line num="12" count="8" type="stmt"/>
        <line num="13" count="8" type="cond" truecount="1" falsecount="0"/>
        <line num="14" count="8" type="cond" truecount="1" falsecount="0"/>
        <line num="15" count="8" type="stmt"/>
        <line num="16" count="8" type="stmt"/>
        <line num="17" count="8" type="cond" truecount="1" falsecount="0"/>
        <line num="18" count="4" type="stmt"/>
        <line num="19" count="4" type="stmt"/>
        <line num="20" count="4" type="stmt"/>
        <line num="21" count="4" type="stmt"/>
        <line num="22" count="4" type="stmt"/>
        <line num="23" count="8" type="stmt"/>
      </file>
    </package>
    <package name="modules.users.useCases.authenticateUser">
      <metrics statements="59" coveredstatements="57" conditionals="8" coveredconditionals="7" methods="3" coveredmethods="3"/>
      <file name="AuthenticateUserUseCase.ts" path="C:\Dev\Rocketseat\Ignite\Node\Chapter 4\desafio01-testesunitarios-nodejs\src\modules\users\useCases\authenticateUser\AuthenticateUserUseCase.ts">
        <metrics statements="52" coveredstatements="50" conditionals="6" coveredconditionals="5" methods="2" coveredmethods="2"/>
        <line num="1" count="1" type="stmt"/>
        <line num="2" count="1" type="stmt"/>
        <line num="3" count="1" type="stmt"/>
        <line num="4" count="1" type="stmt"/>
        <line num="5" count="1" type="stmt"/>
        <line num="6" count="1" type="stmt"/>
        <line num="7" count="1" type="stmt"/>
        <line num="8" count="1" type="stmt"/>
        <line num="9" count="1" type="stmt"/>
        <line num="10" count="1" type="stmt"/>
        <line num="11" count="1" type="stmt"/>
        <line num="12" count="1" type="stmt"/>
        <line num="13" count="1" type="stmt"/>
        <line num="14" count="1" type="stmt"/>
        <line num="15" count="1" type="stmt"/>
        <line num="16" count="1" type="stmt"/>
        <line num="17" count="1" type="cond" truecount="1" falsecount="0"/>
        <line num="18" count="1" type="cond" truecount="1" falsecount="0"/>
        <line num="19" count="3" type="stmt"/>
        <line num="20" count="3" type="stmt"/>
        <line num="21" count="3" type="stmt"/>
        <line num="22" count="1" type="stmt"/>
        <line num="23" count="1" type="cond" truecount="1" falsecount="0"/>
        <line num="24" count="2" type="cond" truecount="1" falsecount="0"/>
        <line num="25" count="2" type="stmt"/>
        <line num="26" count="2" type="cond" truecount="1" falsecount="0"/>
        <line num="27" count="1" type="stmt"/>
        <line num="28" count="1" type="stmt"/>
        <line num="29" count="1" type="stmt"/>
        <line num="30" count="1" type="stmt"/>
        <line num="31" count="2" type="stmt"/>
        <line num="32" count="2" type="cond" truecount="0" falsecount="1"/>
        <line num="33" count="0" type="stmt"/>
        <line num="34" count="0" type="stmt"/>
        <line num="35" count="2" type="stmt"/>
        <line num="36" count="2" type="stmt"/>
        <line num="37" count="2" type="stmt"/>
        <line num="38" count="2" type="stmt"/>
        <line num="39" count="2" type="stmt"/>
        <line num="40" count="2" type="stmt"/>
        <line num="41" count="2" type="stmt"/>
        <line num="42" count="2" type="stmt"/>
        <line num="43" count="2" type="stmt"/>
        <line num="44" count="2" type="stmt"/>
        <line num="45" count="2" type="stmt"/>
        <line num="46" count="2" type="stmt"/>
        <line num="47" count="2" type="stmt"/>
        <line num="48" count="2" type="stmt"/>
        <line num="49" count="2" type="stmt"/>
        <line num="50" count="2" type="stmt"/>
        <line num="51" count="2" type="stmt"/>
        <line num="52" count="1" type="stmt"/>
      </file>
      <file name="IncorrectEmailOrPasswordError.ts" path="C:\Dev\Rocketseat\Ignite\Node\Chapter 4\desafio01-testesunitarios-nodejs\src\modules\users\useCases\authenticateUser\IncorrectEmailOrPasswordError.ts">
        <metrics statements="7" coveredstatements="7" conditionals="2" coveredconditionals="2" methods="1" coveredmethods="1"/>
        <line num="1" count="1" type="stmt"/>
        <line num="2" count="1" type="stmt"/>
        <line num="3" count="1" type="cond" truecount="1" falsecount="0"/>
        <line num="4" count="1" type="cond" truecount="1" falsecount="0"/>
        <line num="5" count="3" type="stmt"/>
        <line num="6" count="3" type="stmt"/>
        <line num="7" count="1" type="stmt"/>
      </file>
    </package>
    <package name="modules.users.useCases.createUser">
      <metrics statements="40" coveredstatements="38" conditionals="7" coveredconditionals="6" methods="3" coveredmethods="3"/>
      <file name="CreateUserError.ts" path="C:\Dev\Rocketseat\Ignite\Node\Chapter 4\desafio01-testesunitarios-nodejs\src\modules\users\useCases\createUser\CreateUserError.ts">
        <metrics statements="7" coveredstatements="7" conditionals="2" coveredconditionals="2" methods="1" coveredmethods="1"/>
        <line num="1" count="1" type="stmt"/>
        <line num="2" count="1" type="stmt"/>
        <line num="3" count="3" type="cond" truecount="1" falsecount="0"/>
        <line num="4" count="3" type="cond" truecount="1" falsecount="0"/>
        <line num="5" count="1" type="stmt"/>
        <line num="6" count="1" type="stmt"/>
        <line num="7" count="3" type="stmt"/>
      </file>
      <file name="CreateUserUseCase.ts" path="C:\Dev\Rocketseat\Ignite\Node\Chapter 4\desafio01-testesunitarios-nodejs\src\modules\users\useCases\createUser\CreateUserUseCase.ts">
        <metrics statements="33" coveredstatements="31" conditionals="5" coveredconditionals="4" methods="2" coveredmethods="2"/>
        <line num="1" count="1" type="stmt"/>
        <line num="2" count="1" type="stmt"/>
        <line num="3" count="1" type="stmt"/>
        <line num="4" count="1" type="stmt"/>
        <line num="5" count="1" type="stmt"/>
        <line num="6" count="1" type="stmt"/>
        <line num="7" count="1" type="stmt"/>
        <line num="8" count="1" type="stmt"/>
        <line num="9" count="1" type="stmt"/>
        <line num="10" count="3" type="cond" truecount="1" falsecount="0"/>
        <line num="11" count="3" type="cond" truecount="1" falsecount="0"/>
        <line num="12" count="7" type="stmt"/>
        <line num="13" count="7" type="stmt"/>
        <line num="14" count="7" type="stmt"/>
        <line num="15" count="3" type="stmt"/>
        <line num="16" count="3" type="cond" truecount="1" falsecount="0"/>
        <line num="17" count="5" type="cond" truecount="1" falsecount="0"/>
        <line num="18" count="5" type="stmt"/>
        <line num="19" count="5" type="cond" truecount="0" falsecount="1"/>
        <line num="20" count="0" type="stmt"/>
        <line num="21" count="0" type="stmt"/>
        <line num="22" count="5" type="stmt"/>
        <line num="23" count="5" type="stmt"/>
        <line num="24" count="5" type="stmt"/>
        <line num="25" count="5" type="stmt"/>
        <line num="26" count="5" type="stmt"/>
        <line num="27" count="5" type="stmt"/>
        <line num="28" count="5" type="stmt"/>
        <line num="29" count="5" type="stmt"/>
        <line num="30" count="5" type="stmt"/>
        <line num="31" count="5" type="stmt"/>
        <line num="32" count="5" type="stmt"/>
        <line num="33" count="3" type="stmt"/>
      </file>
    </package>
    <package name="modules.users.useCases.showUserProfile">
      <metrics statements="29" coveredstatements="29" conditionals="7" coveredconditionals="7" methods="3" coveredmethods="3"/>
      <file name="ShowUserProfileError.ts" path="C:\Dev\Rocketseat\Ignite\Node\Chapter 4\desafio01-testesunitarios-nodejs\src\modules\users\useCases\showUserProfile\ShowUserProfileError.ts">
        <metrics statements="7" coveredstatements="7" conditionals="2" coveredconditionals="2" methods="1" coveredmethods="1"/>
        <line num="1" count="1" type="stmt"/>
        <line num="2" count="1" type="stmt"/>
        <line num="3" count="1" type="cond" truecount="1" falsecount="0"/>
        <line num="4" count="1" type="cond" truecount="1" falsecount="0"/>
        <line num="5" count="2" type="stmt"/>
        <line num="6" count="2" type="stmt"/>
        <line num="7" count="1" type="stmt"/>
      </file>
      <file name="ShowUserProfileUseCase.ts" path="C:\Dev\Rocketseat\Ignite\Node\Chapter 4\desafio01-testesunitarios-nodejs\src\modules\users\useCases\showUserProfile\ShowUserProfileUseCase.ts">
        <metrics statements="22" coveredstatements="22" conditionals="5" coveredconditionals="5" methods="2" coveredmethods="2"/>
        <line num="1" count="1" type="stmt"/>
        <line num="2" count="1" type="stmt"/>
        <line num="3" count="1" type="stmt"/>
        <line num="4" count="1" type="stmt"/>
        <line num="5" count="1" type="stmt"/>
        <line num="6" count="1" type="stmt"/>
        <line num="7" count="1" type="cond" truecount="1" falsecount="0"/>
        <line num="8" count="1" type="cond" truecount="1" falsecount="0"/>
        <line num="9" count="2" type="stmt"/>
        <line num="10" count="2" type="stmt"/>
        <line num="11" count="2" type="stmt"/>
        <line num="12" count="1" type="stmt"/>
        <line num="13" count="1" type="cond" truecount="1" falsecount="0"/>
        <line num="14" count="2" type="cond" truecount="1" falsecount="0"/>
        <line num="15" count="2" type="stmt"/>
        <line num="16" count="2" type="cond" truecount="1" falsecount="0"/>
        <line num="17" count="1" type="stmt"/>
        <line num="18" count="1" type="stmt"/>
        <line num="19" count="1" type="stmt"/>
        <line num="20" count="1" type="stmt"/>
        <line num="21" count="2" type="stmt"/>
        <line num="22" count="1" type="stmt"/>
      </file>
    </package>
    <package name="shared.errors">
      <metrics statements="10" coveredstatements="10" conditionals="3" coveredconditionals="2" methods="1" coveredmethods="1"/>
      <file name="AppError.ts" path="C:\Dev\Rocketseat\Ignite\Node\Chapter 4\desafio01-testesunitarios-nodejs\src\shared\errors\AppError.ts">
        <metrics statements="10" coveredstatements="10" conditionals="3" coveredconditionals="2" methods="1" coveredmethods="1"/>
        <line num="1" count="3" type="cond" truecount="1" falsecount="0"/>
        <line num="2" count="3" type="stmt"/>
        <line num="3" count="3" type="stmt"/>
        <line num="4" count="3" type="stmt"/>
        <line num="5" count="3" type="stmt"/>
        <line num="6" count="3" type="cond" truecount="1" falsecount="1"/>
        <line num="7" count="8" type="stmt"/>
        <line num="8" count="8" type="stmt"/>
        <line num="9" count="8" type="stmt"/>
        <line num="10" count="3" type="stmt"/>
      </file>
    </package>
  </project>
</coverage>
